#
# There is insufficient memory for the Java Runtime Environment to continue.
# Native memory allocation (malloc) failed to allocate 407936 bytes for Chunk::new
# Possible reasons:
#   The system is out of physical RAM or swap space
#   The process is running with CompressedOops enabled, and the Java Heap may be blocking the growth of the native heap
# Possible solutions:
#   Reduce memory load on the system
#   Increase physical memory or swap space
#   Check if swap backing store is full
#   Decrease Java heap size (-Xmx/-Xms)
#   Decrease number of Java threads
#   Decrease Java thread stack sizes (-Xss)
#   Set larger code cache with -XX:ReservedCodeCacheSize=
#   JVM is running with Unscaled Compressed Oops mode in which the Java heap is
#     placed in the first 4GB address space. The Java Heap base address is the
#     maximum limit for the native heap growth. Please use -XX:HeapBaseMinAddress
#     to set the Java Heap base and to place the Java Heap above 4GB virtual address.
# This output file may be truncated or incomplete.
#
#  Out of Memory Error (allocation.cpp:389), pid=13124, tid=0x0000000000003ad0
#
# JRE version: Java(TM) SE Runtime Environment (8.0_341-b10) (build 1.8.0_341-b10)
# Java VM: Java HotSpot(TM) 64-Bit Server VM (25.341-b10 mixed mode windows-amd64 compressed oops)
# Failed to write core dump. Minidumps are not enabled by default on client versions of Windows
#

---------------  T H R E A D  ---------------

Current thread (0x000001812edb9000):  JavaThread "C2 CompilerThread2" daemon [_thread_in_native, id=15056, stack(0x0000004ed9300000,0x0000004ed9400000)]

Stack: [0x0000004ed9300000,0x0000004ed9400000]
Native frames: (J=compiled Java code, j=interpreted, Vv=VM code, C=native code)
V  [jvm.dll+0x32fa99]
V  [jvm.dll+0x275ff2]
V  [jvm.dll+0x276c9d]
V  [jvm.dll+0x26d645]
V  [jvm.dll+0xd583c]
V  [jvm.dll+0xd603c]
V  [jvm.dll+0x453fe2]
V  [jvm.dll+0x48f09d]
V  [jvm.dll+0x443c71]
V  [jvm.dll+0x440e1b]
V  [jvm.dll+0x42bceb]
V  [jvm.dll+0xac68b]
V  [jvm.dll+0xaaceb]
V  [jvm.dll+0x23e542]
V  [jvm.dll+0x292d2c]
C  [ucrtbase.dll+0x26c0c]
C  [KERNEL32.DLL+0x155a0]
C  [ntdll.dll+0x485b]


Current CompileTask:
C2:  16677 5373   !   4       java.util.jar.Attributes::read (344 bytes)


---------------  P R O C E S S  ---------------

Java Threads: ( => current thread )
  0x0000018134db9800 JavaThread "spark-listener-group-shared" daemon [_thread_blocked, id=15800, stack(0x0000004edcd00000,0x0000004edce00000)]
  0x0000018134dbd000 JavaThread "element-tracking-store-worker" daemon [_thread_blocked, id=17872, stack(0x0000004edcc00000,0x0000004edcd00000)]
  0x0000018134dba800 JavaThread "spark-listener-group-executorManagement" daemon [_thread_blocked, id=13940, stack(0x0000004edcb00000,0x0000004edcc00000)]
  0x0000018134dbd800 JavaThread "spark-listener-group-appStatus" daemon [_thread_blocked, id=7072, stack(0x0000004edca00000,0x0000004edcb00000)]
  0x0000018134dbc000 JavaThread "context-cleaner-periodic-gc" daemon [_thread_blocked, id=16524, stack(0x0000004edc900000,0x0000004edca00000)]
  0x0000018134db0800 JavaThread "Spark Context Cleaner" daemon [_thread_blocked, id=1704, stack(0x0000004edc800000,0x0000004edc900000)]
  0x0000018134db7800 JavaThread "shuffle-boss-7-1" daemon [_thread_in_native, id=148, stack(0x0000004edc700000,0x0000004edc800000)]
  0x0000018134db0000 JavaThread "rpc-server-4-1" daemon [_thread_in_native, id=14628, stack(0x0000004edc600000,0x0000004edc700000)]
  0x0000018134db6800 JavaThread "files-client-5-1" daemon [_thread_in_native, id=13460, stack(0x0000004edc400000,0x0000004edc500000)]
  0x0000018134daf000 JavaThread "executor-heartbeater" daemon [_thread_blocked, id=14228, stack(0x0000004edc300000,0x0000004edc400000)]
  0x0000018134db6000 JavaThread "executor-kill-mark-cleanup" daemon [_thread_blocked, id=8496, stack(0x0000004edc200000,0x0000004edc300000)]
  0x0000018134db3000 JavaThread "driver-heartbeater" daemon [_thread_blocked, id=16504, stack(0x0000004edc100000,0x0000004edc200000)]
  0x0000018134db2000 JavaThread "dag-scheduler-event-loop" daemon [_thread_blocked, id=12892, stack(0x0000004edc000000,0x0000004edc100000)]
  0x0000018134db5000 JavaThread "task-abort-timer" daemon [_thread_blocked, id=16552, stack(0x0000004edbf00000,0x0000004edc000000)]
  0x0000018134db4800 JavaThread "task-starvation-timer" daemon [_thread_blocked, id=15736, stack(0x0000004edbe00000,0x0000004edbf00000)]
  0x0000018134db1800 JavaThread "netty-rpc-env-timeout" daemon [_thread_blocked, id=8612, stack(0x0000004edbd00000,0x0000004edbe00000)]
  0x0000018134db3800 JavaThread "heartbeat-receiver-event-loop-thread" daemon [_thread_blocked, id=10084, stack(0x0000004edbc00000,0x0000004edbd00000)]
  0x0000018132ee1000 JavaThread "SparkUI-50" daemon [_thread_blocked, id=19232, stack(0x0000004edbb00000,0x0000004edbc00000)]
  0x0000018132ee0800 JavaThread "SparkUI-49-acceptor-0@d3584af-ServerConnector@3f27b79{HTTP/1.1, (http/1.1)}{0.0.0.0:4041}" daemon [_thread_in_native, id=9996, stack(0x0000004edba00000,0x0000004edbb00000)]
  0x0000018132edd800 JavaThread "SparkUI-48" daemon [_thread_in_native, id=7184, stack(0x0000004edb900000,0x0000004edba00000)]
  0x0000018132ede000 JavaThread "SparkUI-47" daemon [_thread_in_native, id=3508, stack(0x0000004edb800000,0x0000004edb900000)]
  0x0000018132edf800 JavaThread "SparkUI-46" daemon [_thread_in_native, id=5436, stack(0x0000004edb700000,0x0000004edb800000)]
  0x0000018132edb000 JavaThread "SparkUI-45" daemon [_thread_in_native, id=3892, stack(0x0000004edb600000,0x0000004edb700000)]
  0x0000018132edc800 JavaThread "SparkUI-44" daemon [_thread_in_native, id=8328, stack(0x0000004edb500000,0x0000004edb600000)]
  0x0000018132edf000 JavaThread "SparkUI-43" daemon [_thread_in_native, id=9436, stack(0x0000004edb400000,0x0000004edb500000)]
  0x0000018132ed9000 JavaThread "refresh progress" daemon [_thread_blocked, id=5432, stack(0x0000004edb300000,0x0000004edb400000)]
  0x0000018132eda800 JavaThread "RemoteBlock-temp-file-clean-thread" daemon [_thread_blocked, id=16272, stack(0x0000004edb200000,0x0000004edb300000)]
  0x0000018132ed5000 JavaThread "dispatcher-BlockManagerEndpoint1" daemon [_thread_blocked, id=12604, stack(0x0000004edb100000,0x0000004edb200000)]
  0x0000018132edc000 JavaThread "dispatcher-BlockManagerMaster" daemon [_thread_blocked, id=8172, stack(0x0000004edb000000,0x0000004edb100000)]
  0x0000018132ed3800 JavaThread "map-output-dispatcher-7" daemon [_thread_blocked, id=16696, stack(0x0000004edaf00000,0x0000004edb000000)]
  0x0000018132ed9800 JavaThread "map-output-dispatcher-6" daemon [_thread_blocked, id=15764, stack(0x0000004edae00000,0x0000004edaf00000)]
  0x0000018132ed8000 JavaThread "map-output-dispatcher-5" daemon [_thread_blocked, id=18856, stack(0x0000004edad00000,0x0000004edae00000)]
  0x0000018132ed3000 JavaThread "map-output-dispatcher-4" daemon [_thread_blocked, id=7092, stack(0x0000004edac00000,0x0000004edad00000)]
  0x0000018132ed4800 JavaThread "map-output-dispatcher-3" daemon [_thread_blocked, id=18460, stack(0x0000004edab00000,0x0000004edac00000)]
  0x0000018132ed7800 JavaThread "map-output-dispatcher-2" daemon [_thread_blocked, id=14196, stack(0x0000004edaa00000,0x0000004edab00000)]
  0x0000018132ed2000 JavaThread "map-output-dispatcher-1" daemon [_thread_blocked, id=2976, stack(0x0000004eda900000,0x0000004edaa00000)]
  0x0000018132ed6000 JavaThread "map-output-dispatcher-0" daemon [_thread_blocked, id=12800, stack(0x0000004eda800000,0x0000004eda900000)]
  0x0000018132ed6800 JavaThread "dispatcher-event-loop-11" daemon [_thread_blocked, id=11740, stack(0x0000004eda700000,0x0000004eda800000)]
  0x0000018131a83000 JavaThread "dispatcher-event-loop-10" daemon [_thread_blocked, id=8796, stack(0x0000004eda600000,0x0000004eda700000)]
  0x0000018131a7f000 JavaThread "dispatcher-event-loop-9" daemon [_thread_blocked, id=15672, stack(0x0000004eda500000,0x0000004eda600000)]
  0x0000018131a81800 JavaThread "dispatcher-event-loop-8" daemon [_thread_blocked, id=12236, stack(0x0000004eda400000,0x0000004eda500000)]
  0x0000018131a82000 JavaThread "dispatcher-event-loop-7" daemon [_thread_blocked, id=4864, stack(0x0000004eda300000,0x0000004eda400000)]
  0x0000018131a7e800 JavaThread "dispatcher-event-loop-6" daemon [_thread_blocked, id=16972, stack(0x0000004eda200000,0x0000004eda300000)]
  0x0000018131a80800 JavaThread "dispatcher-event-loop-5" daemon [_thread_blocked, id=19236, stack(0x0000004eda100000,0x0000004eda200000)]
  0x0000018131a84800 JavaThread "dispatcher-event-loop-4" daemon [_thread_blocked, id=5496, stack(0x0000004eda000000,0x0000004eda100000)]
  0x000001813499e800 JavaThread "dispatcher-event-loop-3" daemon [_thread_blocked, id=7308, stack(0x0000004ed9f00000,0x0000004eda000000)]
  0x0000018134ac3800 JavaThread "dispatcher-event-loop-2" daemon [_thread_blocked, id=19036, stack(0x0000004ed9e00000,0x0000004ed9f00000)]
  0x000001813243c800 JavaThread "dispatcher-event-loop-1" daemon [_thread_blocked, id=15212, stack(0x0000004ed9d00000,0x0000004ed9e00000)]
  0x00000181332b9800 JavaThread "dispatcher-event-loop-0" daemon [_thread_blocked, id=16500, stack(0x0000004ed9c00000,0x0000004ed9d00000)]
  0x0000018133707800 JavaThread "rpc-boss-3-1" daemon [_thread_in_native, id=13368, stack(0x0000004ed9b00000,0x0000004ed9c00000)]
  0x00000181347eb000 JavaThread "Thread-5" [_thread_in_native, id=15600, stack(0x0000004ed9a00000,0x0000004ed9b00000)]
  0x000001813287e000 JavaThread "Thread-4" [_thread_in_vm, id=15088, stack(0x0000004ed9900000,0x0000004ed9a00000)]
  0x0000018132578000 JavaThread "Thread-3" [_thread_in_native, id=13032, stack(0x0000004ed9800000,0x0000004ed9900000)]
  0x0000018134a3d000 JavaThread "org.apache.hadoop.fs.FileSystem$Statistics$StatisticsDataReferenceCleaner" daemon [_thread_blocked, id=13900, stack(0x0000004ed9700000,0x0000004ed9800000)]
  0x00000181310fb800 JavaThread "Service Thread" daemon [_thread_blocked, id=7552, stack(0x0000004ed9500000,0x0000004ed9600000)]
  0x00000181310c2800 JavaThread "C1 CompilerThread3" daemon [_thread_blocked, id=6548, stack(0x0000004ed9400000,0x0000004ed9500000)]
=>0x000001812edb9000 JavaThread "C2 CompilerThread2" daemon [_thread_in_native, id=15056, stack(0x0000004ed9300000,0x0000004ed9400000)]
  0x000001812edb3000 JavaThread "C2 CompilerThread1" daemon [_thread_in_native, id=17500, stack(0x0000004ed9200000,0x0000004ed9300000)]
  0x000001812edb1000 JavaThread "C2 CompilerThread0" daemon [_thread_blocked, id=15080, stack(0x0000004ed9100000,0x0000004ed9200000)]
  0x000001812edae000 JavaThread "Attach Listener" daemon [_thread_blocked, id=7248, stack(0x0000004ed9000000,0x0000004ed9100000)]
  0x000001812edad000 JavaThread "Signal Dispatcher" daemon [_thread_blocked, id=19288, stack(0x0000004ed8f00000,0x0000004ed9000000)]
  0x000001812ed99800 JavaThread "Finalizer" daemon [_thread_blocked, id=16168, stack(0x0000004ed8e00000,0x0000004ed8f00000)]
  0x000001811aea5000 JavaThread "Reference Handler" daemon [_thread_blocked, id=1616, stack(0x0000004ed8d00000,0x0000004ed8e00000)]
  0x000001811ae06000 JavaThread "main" [_thread_in_native, id=18212, stack(0x0000004ed8100000,0x0000004ed8200000)]

Other Threads:
  0x000001812ed74000 VMThread [stack: 0x0000004ed8c00000,0x0000004ed8d00000] [id=16204]
  0x00000181310ff000 WatcherThread [stack: 0x0000004ed9600000,0x0000004ed9700000] [id=14956]

VM state:not at safepoint (normal execution)

VM Mutex/Monitor currently owned by a thread: None

heap address: 0x00000000c0000000, size: 1024 MB, Compressed Oops mode: 32-bit
Narrow klass base: 0x0000000000000000, Narrow klass shift: 3
Compressed class space size: 1073741824 Address: 0x0000000100000000

Heap:
 PSYoungGen      total 159232K, used 122006K [0x00000000eab00000, 0x00000000f5b80000, 0x0000000100000000)
  eden space 145920K, 74% used [0x00000000eab00000,0x00000000f152ce90,0x00000000f3980000)
  from space 13312K, 99% used [0x00000000f4180000,0x00000000f4e78a50,0x00000000f4e80000)
  to   space 12288K, 0% used [0x00000000f4f80000,0x00000000f4f80000,0x00000000f5b80000)
 ParOldGen       total 246784K, used 19374K [0x00000000c0000000, 0x00000000cf100000, 0x00000000eab00000)
  object space 246784K, 7% used [0x00000000c0000000,0x00000000c12eb898,0x00000000cf100000)
 Metaspace       used 85330K, capacity 90216K, committed 90520K, reserved 1130496K
  class space    used 11486K, capacity 11909K, committed 11952K, reserved 1048576K

Card table byte_map: [0x000001812bb70000,0x000001812bd80000] byte_map_base: 0x000001812b570000

Marking Bits: (ParMarkBitMap*) 0x000000006e329030
 Begin Bits: [0x000001812bee0000, 0x000001812cee0000)
 End Bits:   [0x000001812cee0000, 0x000001812dee0000)

Polling page: 0x000001811af60000

CodeCache: size=245760Kb used=14884Kb max_used=14895Kb free=230875Kb
 bounds [0x000001811c7b0000, 0x000001811d650000, 0x000001812b7b0000]
 total_blobs=5469 nmethods=4763 adapters=616
 compilation: enabled

Compilation events (10 events):
Event: 16.605 Thread 0x00000181310c2800 5381       3       java.math.BigInteger::squareToLen (33 bytes)
Event: 16.605 Thread 0x00000181310c2800 nmethod 5381 0x000001811d6323d0 code [0x000001811d632540, 0x000001811d632800]
Event: 16.605 Thread 0x00000181310c2800 5382       3       java.math.BigInteger::implSquareToLenChecks (198 bytes)
Event: 16.607 Thread 0x00000181310c2800 nmethod 5382 0x000001811d638710 code [0x000001811d638b80, 0x000001811d63b580]
Event: 16.607 Thread 0x00000181310c2800 5384       3       java.math.MutableBigInteger::normalize (91 bytes)
Event: 16.607 Thread 0x00000181310c2800 nmethod 5384 0x000001811d631d90 code [0x000001811d631f00, 0x000001811d632278]
Event: 16.608 Thread 0x00000181310c2800 5385       3       java.math.MutableBigInteger::unsignedLongCompare (20 bytes)
Event: 16.608 Thread 0x00000181310c2800 nmethod 5385 0x000001811d637010 code [0x000001811d637160, 0x000001811d637338]
Event: 16.610 Thread 0x00000181310c2800 5387       3       java.util.regex.Pattern$SliceI::match (96 bytes)
Event: 16.610 Thread 0x00000181310c2800 nmethod 5387 0x000001811d636550 code [0x000001811d636700, 0x000001811d636d60]

GC Heap History (10 events):
Event: 11.756 GC heap before
{Heap before GC invocations=10 (full 2):
 PSYoungGen      total 97792K, used 95778K [0x00000000eab00000, 0x00000000f3480000, 0x0000000100000000)
  eden space 88064K, 100% used [0x00000000eab00000,0x00000000f0100000,0x00000000f0100000)
  from space 9728K, 79% used [0x00000000f0100000,0x00000000f0888a70,0x00000000f0a80000)
  to   space 9728K, 0% used [0x00000000f2b00000,0x00000000f2b00000,0x00000000f3480000)
 ParOldGen       total 176640K, used 11776K [0x00000000c0000000, 0x00000000cac80000, 0x00000000eab00000)
  object space 176640K, 6% used [0x00000000c0000000,0x00000000c0b800e8,0x00000000cac80000)
 Metaspace       used 51620K, capacity 54484K, committed 54696K, reserved 1097728K
  class space    used 6778K, capacity 7071K, committed 7088K, reserved 1048576K
Event: 11.768 GC heap after
Heap after GC invocations=10 (full 2):
 PSYoungGen      total 129536K, used 9702K [0x00000000eab00000, 0x00000000f3d00000, 0x0000000100000000)
  eden space 119808K, 0% used [0x00000000eab00000,0x00000000eab00000,0x00000000f2000000)
  from space 9728K, 99% used [0x00000000f2b00000,0x00000000f3479880,0x00000000f3480000)
  to   space 11264K, 0% used [0x00000000f2000000,0x00000000f2000000,0x00000000f2b00000)
 ParOldGen       total 176640K, used 13598K [0x00000000c0000000, 0x00000000cac80000, 0x00000000eab00000)
  object space 176640K, 7% used [0x00000000c0000000,0x00000000c0d47a50,0x00000000cac80000)
 Metaspace       used 51620K, capacity 54484K, committed 54696K, reserved 1097728K
  class space    used 6778K, capacity 7071K, committed 7088K, reserved 1048576K
}
Event: 12.369 GC heap before
{Heap before GC invocations=11 (full 2):
 PSYoungGen      total 129536K, used 60322K [0x00000000eab00000, 0x00000000f3d00000, 0x0000000100000000)
  eden space 119808K, 42% used [0x00000000eab00000,0x00000000edc6f100,0x00000000f2000000)
  from space 9728K, 99% used [0x00000000f2b00000,0x00000000f3479880,0x00000000f3480000)
  to   space 11264K, 0% used [0x00000000f2000000,0x00000000f2000000,0x00000000f2b00000)
 ParOldGen       total 176640K, used 13598K [0x00000000c0000000, 0x00000000cac80000, 0x00000000eab00000)
  object space 176640K, 7% used [0x00000000c0000000,0x00000000c0d47a50,0x00000000cac80000)
 Metaspace       used 55683K, capacity 59022K, committed 59160K, reserved 1101824K
  class space    used 7330K, capacity 7676K, committed 7728K, reserved 1048576K
Event: 12.377 GC heap after
Heap after GC invocations=11 (full 2):
 PSYoungGen      total 131072K, used 11057K [0x00000000eab00000, 0x00000000f5b80000, 0x0000000100000000)
  eden space 119808K, 0% used [0x00000000eab00000,0x00000000eab00000,0x00000000f2000000)
  from space 11264K, 98% used [0x00000000f2000000,0x00000000f2acc458,0x00000000f2b00000)
  to   space 12288K, 0% used [0x00000000f4f80000,0x00000000f4f80000,0x00000000f5b80000)
 ParOldGen       total 176640K, used 13606K [0x00000000c0000000, 0x00000000cac80000, 0x00000000eab00000)
  object space 176640K, 7% used [0x00000000c0000000,0x00000000c0d49a50,0x00000000cac80000)
 Metaspace       used 55683K, capacity 59022K, committed 59160K, reserved 1101824K
  class space    used 7330K, capacity 7676K, committed 7728K, reserved 1048576K
}
Event: 12.377 GC heap before
{Heap before GC invocations=12 (full 3):
 PSYoungGen      total 131072K, used 11057K [0x00000000eab00000, 0x00000000f5b80000, 0x0000000100000000)
  eden space 119808K, 0% used [0x00000000eab00000,0x00000000eab00000,0x00000000f2000000)
  from space 11264K, 98% used [0x00000000f2000000,0x00000000f2acc458,0x00000000f2b00000)
  to   space 12288K, 0% used [0x00000000f4f80000,0x00000000f4f80000,0x00000000f5b80000)
 ParOldGen       total 176640K, used 13606K [0x00000000c0000000, 0x00000000cac80000, 0x00000000eab00000)
  object space 176640K, 7% used [0x00000000c0000000,0x00000000c0d49a50,0x00000000cac80000)
 Metaspace       used 55683K, capacity 59022K, committed 59160K, reserved 1101824K
  class space    used 7330K, capacity 7676K, committed 7728K, reserved 1048576K
Event: 12.524 GC heap after
Heap after GC invocations=12 (full 3):
 PSYoungGen      total 131072K, used 0K [0x00000000eab00000, 0x00000000f5b80000, 0x0000000100000000)
  eden space 119808K, 0% used [0x00000000eab00000,0x00000000eab00000,0x00000000f2000000)
  from space 11264K, 0% used [0x00000000f2000000,0x00000000f2000000,0x00000000f2b00000)
  to   space 12288K, 0% used [0x00000000f4f80000,0x00000000f4f80000,0x00000000f5b80000)
 ParOldGen       total 246784K, used 17695K [0x00000000c0000000, 0x00000000cf100000, 0x00000000eab00000)
  object space 246784K, 7% used [0x00000000c0000000,0x00000000c1147d48,0x00000000cf100000)
 Metaspace       used 55680K, capacity 59016K, committed 59160K, reserved 1101824K
  class space    used 7329K, capacity 7675K, committed 7728K, reserved 1048576K
}
Event: 13.710 GC heap before
{Heap before GC invocations=13 (full 3):
 PSYoungGen      total 131072K, used 119808K [0x00000000eab00000, 0x00000000f5b80000, 0x0000000100000000)
  eden space 119808K, 100% used [0x00000000eab00000,0x00000000f2000000,0x00000000f2000000)
  from space 11264K, 0% used [0x00000000f2000000,0x00000000f2000000,0x00000000f2b00000)
  to   space 12288K, 0% used [0x00000000f4f80000,0x00000000f4f80000,0x00000000f5b80000)
 ParOldGen       total 246784K, used 17695K [0x00000000c0000000, 0x00000000cf100000, 0x00000000eab00000)
  object space 246784K, 7% used [0x00000000c0000000,0x00000000c1147d48,0x00000000cf100000)
 Metaspace       used 64716K, capacity 68296K, committed 68376K, reserved 1107968K
  class space    used 8573K, capacity 8948K, committed 9008K, reserved 1048576K
Event: 13.721 GC heap after
Heap after GC invocations=13 (full 3):
 PSYoungGen      total 158208K, used 12016K [0x00000000eab00000, 0x00000000f5b80000, 0x0000000100000000)
  eden space 145920K, 0% used [0x00000000eab00000,0x00000000eab00000,0x00000000f3980000)
  from space 12288K, 97% used [0x00000000f4f80000,0x00000000f5b3c2c8,0x00000000f5b80000)
  to   space 13312K, 0% used [0x00000000f4180000,0x00000000f4180000,0x00000000f4e80000)
 ParOldGen       total 246784K, used 17703K [0x00000000c0000000, 0x00000000cf100000, 0x00000000eab00000)
  object space 246784K, 7% used [0x00000000c0000000,0x00000000c1149d48,0x00000000cf100000)
 Metaspace       used 64716K, capacity 68296K, committed 68376K, reserved 1107968K
  class space    used 8573K, capacity 8948K, committed 9008K, reserved 1048576K
}
Event: 15.141 GC heap before
{Heap before GC invocations=14 (full 3):
 PSYoungGen      total 158208K, used 157936K [0x00000000eab00000, 0x00000000f5b80000, 0x0000000100000000)
  eden space 145920K, 100% used [0x00000000eab00000,0x00000000f3980000,0x00000000f3980000)
  from space 12288K, 97% used [0x00000000f4f80000,0x00000000f5b3c2c8,0x00000000f5b80000)
  to   space 13312K, 0% used [0x00000000f4180000,0x00000000f4180000,0x00000000f4e80000)
 ParOldGen       total 246784K, used 17703K [0x00000000c0000000, 0x00000000cf100000, 0x00000000eab00000)
  object space 246784K, 7% used [0x00000000c0000000,0x00000000c1149d48,0x00000000cf100000)
 Metaspace       used 76859K, capacity 81084K, committed 81304K, reserved 1120256K
  class space    used 10219K, capacity 10624K, committed 10672K, reserved 1048576K
Event: 15.154 GC heap after
Heap after GC invocations=14 (full 3):
 PSYoungGen      total 159232K, used 13282K [0x00000000eab00000, 0x00000000f5b80000, 0x0000000100000000)
  eden space 145920K, 0% used [0x00000000eab00000,0x00000000eab00000,0x00000000f3980000)
  from space 13312K, 99% used [0x00000000f4180000,0x00000000f4e78a50,0x00000000f4e80000)
  to   space 12288K, 0% used [0x00000000f4f80000,0x00000000f4f80000,0x00000000f5b80000)
 ParOldGen       total 246784K, used 19374K [0x00000000c0000000, 0x00000000cf100000, 0x00000000eab00000)
  object space 246784K, 7% used [0x00000000c0000000,0x00000000c12eb898,0x00000000cf100000)
 Metaspace       used 76859K, capacity 81084K, committed 81304K, reserved 1120256K
  class space    used 10219K, capacity 10624K, committed 10672K, reserved 1048576K
}

Deoptimization events (10 events):
Event: 16.590 Thread 0x000001813287e000 Uncommon trap: reason=unstable_if action=reinterpret pc=0x000001811d3679fc method=java.util.HashMap.putVal(ILjava/lang/Object;Ljava/lang/Object;ZZ)Ljava/lang/Object; @ 193
Event: 16.591 Thread 0x000001813287e000 Uncommon trap: reason=predicate action=maybe_recompile pc=0x000001811d2ddfac method=sun.misc.Resource.getBytes()[B @ 53
Event: 16.591 Thread 0x000001813287e000 Uncommon trap: reason=unstable_if action=reinterpret pc=0x000001811d2e0614 method=java.util.jar.JarFile.maybeInstantiateVerifier()V @ 4
Event: 16.591 Thread 0x000001813287e000 Uncommon trap: reason=unstable_if action=reinterpret pc=0x000001811d2d8af8 method=java.security.CodeSource.<init>(Ljava/net/URL;[Ljava/security/CodeSigner;)V @ 25
Event: 16.591 Thread 0x000001813287e000 Uncommon trap: reason=unstable_if action=reinterpret pc=0x000001811d2d631c method=java.security.CodeSource.getCertificates()[Ljava/security/cert/Certificate; @ 22
Event: 16.592 Thread 0x000001813287e000 Uncommon trap: reason=unstable_if action=reinterpret pc=0x000001811d385708 method=java.security.CodeSource.matchCerts(Ljava/security/CodeSource;Z)Z @ 11
Event: 16.592 Thread 0x000001813287e000 Uncommon trap: reason=unstable_if action=reinterpret pc=0x000001811cd17d9c method=java.security.CodeSource.getCertificates()[Ljava/security/cert/Certificate; @ 4
Event: 16.592 Thread 0x000001813287e000 Uncommon trap: reason=unstable_if action=reinterpret pc=0x000001811d3787a0 method=java.security.CodeSource.getCertificates()[Ljava/security/cert/Certificate; @ 4
Event: 16.592 Thread 0x000001813287e000 Uncommon trap: reason=unstable_if action=reinterpret pc=0x000001811d387ebc method=java.security.CodeSource.getCertificates()[Ljava/security/cert/Certificate; @ 4
Event: 16.611 Thread 0x000001813287e000 Uncommon trap: reason=unstable_if action=reinterpret pc=0x000001811d2d8dfc method=java.security.CodeSource.matchCerts(Ljava/security/CodeSource;Z)Z @ 11

Classes redefined (0 events):
No events

Internal exceptions (10 events):
Event: 16.425 Thread 0x000001813287e000 Exception <a 'java/lang/NoSuchMethodError': java.lang.Object.$anonfun$mapFrom$1(Lscala/Function1;Ljava/lang/Object;)Lscala/Tuple2;> (0x00000000f04bce90) thrown at [C:\jenkins\workspace\8-2-build-windows-x64-cygwin\jdk8u341\2692\hotspot\src\share\vm\interp
Event: 16.429 Thread 0x000001813287e000 Exception <a 'java/lang/NoSuchMethodError': java.lang.Object.$anonfun$withDefaultValue$1(Ljava/lang/Object;Ljava/lang/Object;)Ljava/lang/Object;> (0x00000000f04de808) thrown at [C:\jenkins\workspace\8-2-build-windows-x64-cygwin\jdk8u341\2692\hotspot\src\s
Event: 16.429 Thread 0x000001813287e000 Exception <a 'java/lang/NoSuchMethodError': java.lang.Object.$anonfun$symbolsMapFilt$1$adapted(Lscala/Function1;Lscala/reflect/internal/Symbols$Symbol;)Ljava/lang/Object;> (0x00000000f04e22a0) thrown at [C:\jenkins\workspace\8-2-build-windows-x64-cygwin\j
Event: 16.431 Thread 0x000001813287e000 Exception <a 'java/lang/NoSuchMethodError': java.lang.Object.$anonfun$boxedModule$1(Lscala/reflect/internal/Definitions$ValueClassDefinitions;Lscala/reflect/internal/Names$Name;)Lscala/reflect/internal/Symbols$ModuleSymbol;> (0x00000000f04eee28) thrown at
Event: 16.432 Thread 0x000001813287e000 Exception <a 'java/lang/NoSuchMethodError': java.lang.Object.$anonfun$ScalaValueClassesNoUnit$1$adapted(Lscala/reflect/internal/Definitions$ValueClassDefinitions;Lscala/reflect/internal/Symbols$ClassSymbol;)Ljava/lang/Object;> (0x00000000f04f5e60) thrown 
Event: 16.433 Thread 0x000001813287e000 Exception <a 'java/lang/NoSuchMethodError': java.lang.Object.$anonfun$boxedClass$1(Lscala/reflect/internal/Definitions$ValueClassDefinitions;Lscala/reflect/internal/Names$Name;)Lscala/reflect/internal/Symbols$ClassSymbol;> (0x00000000f0506060) thrown at [
Event: 16.434 Thread 0x000001813287e000 Exception <a 'java/lang/NoSuchMethodError': java.lang.Object.$anonfun$refClass$1(Lscala/reflect/internal/Definitions$ValueClassDefinitions;Lscala/reflect/internal/Names$Name;)Lscala/reflect/internal/Symbols$ClassSymbol;> (0x00000000f050e7f0) thrown at [C:
Event: 16.439 Thread 0x000001813287e000 Exception <a 'java/lang/NoSuchMethodError': java.lang.Object.$anonfun$volatileRefClass$1(Lscala/reflect/internal/Definitions$ValueClassDefinitions;Lscala/reflect/internal/Names$Name;)Lscala/reflect/internal/Symbols$ClassSymbol;> (0x00000000f056c7c8) throw
Event: 16.443 Thread 0x000001813287e000 Exception <a 'java/lang/NoSuchMethodError': java.lang.Object.$anonfun$lazyHolders$1(Lscala/reflect/internal/Definitions$ValueClassDefinitions;Lscala/reflect/internal/Names$Name;)Lscala/reflect/internal/Symbols$Symbol;> (0x00000000f05faa80) thrown at [C:\j
Event: 16.622 Thread 0x000001813287e000 Exception <a 'java/lang/NoSuchMethodError': java.lang.Object.$anonfun$toSQLId$1(Ljava/lang/String;)Ljava/lang/String;> (0x00000000f0de83f8) thrown at [C:\jenkins\workspace\8-2-build-windows-x64-cygwin\jdk8u341\2692\hotspot\src\share\vm\interpreter\linkRes

Events (10 events):
Event: 16.637 loading class org/apache/spark/sql/catalyst/CatalystTypeConverters$CatalystTypeConverter
Event: 16.637 loading class org/apache/spark/sql/catalyst/CatalystTypeConverters$CatalystTypeConverter done
Event: 16.638 loading class org/apache/spark/sql/catalyst/CatalystTypeConverters$UDTConverter
Event: 16.638 loading class org/apache/spark/sql/catalyst/CatalystTypeConverters$UDTConverter done
Event: 16.639 loading class org/apache/spark/sql/catalyst/CatalystTypeConverters$ArrayConverter
Event: 16.639 loading class org/apache/spark/sql/catalyst/CatalystTypeConverters$ArrayConverter done
Event: 16.640 loading class org/apache/spark/sql/catalyst/CatalystTypeConverters$MapConverter
Event: 16.640 loading class org/apache/spark/sql/catalyst/CatalystTypeConverters$MapConverter done
Event: 16.641 loading class org/apache/spark/sql/catalyst/CatalystTypeConverters$StructConverter
Event: 16.641 loading class org/apache/spark/sql/catalyst/CatalystTypeConverters$StructConverter done


Dynamic libraries:
0x00007ff609c70000 - 0x00007ff609cb7000 	C:\Program Files\Java\jdk1.8.0_341\bin\java.exe
0x00007ffb3c2e0000 - 0x00007ffb3c4e9000 	C:\WINDOWS\SYSTEM32\ntdll.dll
0x00007ffb3aeb0000 - 0x00007ffb3af6e000 	C:\WINDOWS\System32\KERNEL32.DLL
0x00007ffb39c40000 - 0x00007ffb39fbc000 	C:\WINDOWS\System32\KERNELBASE.dll
0x00007ffb3b9c0000 - 0x00007ffb3ba6e000 	C:\WINDOWS\System32\ADVAPI32.dll
0x00007ffb3a280000 - 0x00007ffb3a323000 	C:\WINDOWS\System32\msvcrt.dll
0x00007ffb3ac40000 - 0x00007ffb3acde000 	C:\WINDOWS\System32\sechost.dll
0x00007ffb3a930000 - 0x00007ffb3aa50000 	C:\WINDOWS\System32\RPCRT4.dll
0x00007ffb3ad00000 - 0x00007ffb3aead000 	C:\WINDOWS\System32\USER32.dll
0x00007ffb3a130000 - 0x00007ffb3a156000 	C:\WINDOWS\System32\win32u.dll
0x00007ffb3bc00000 - 0x00007ffb3bc29000 	C:\WINDOWS\System32\GDI32.dll
0x00007ffb39ab0000 - 0x00007ffb39bc8000 	C:\WINDOWS\System32\gdi32full.dll
0x00007ffb39870000 - 0x00007ffb3990d000 	C:\WINDOWS\System32\msvcp_win.dll
0x00007ffb39990000 - 0x00007ffb39aa1000 	C:\WINDOWS\System32\ucrtbase.dll
0x00007ffb29c10000 - 0x00007ffb29eb5000 	C:\WINDOWS\WinSxS\amd64_microsoft.windows.common-controls_6595b64144ccf1df_6.0.22000.120_none_9d947278b86cc467\COMCTL32.dll
0x00007ffb3afe0000 - 0x00007ffb3b012000 	C:\WINDOWS\System32\IMM32.DLL
0x00007ffb17b30000 - 0x00007ffb17b45000 	C:\Program Files\Java\jdk1.8.0_341\jre\bin\vcruntime140.dll
0x00007ffb0c8e0000 - 0x00007ffb0c97b000 	C:\Program Files\Java\jdk1.8.0_341\jre\bin\msvcp140.dll
0x000000006db40000 - 0x000000006e3a1000 	C:\Program Files\Java\jdk1.8.0_341\jre\bin\server\jvm.dll
0x00007ffb3c210000 - 0x00007ffb3c218000 	C:\WINDOWS\System32\PSAPI.DLL
0x00007ffb332d0000 - 0x00007ffb33303000 	C:\WINDOWS\SYSTEM32\WINMM.dll
0x00007ffb33780000 - 0x00007ffb3378a000 	C:\WINDOWS\SYSTEM32\VERSION.dll
0x00007ffb33900000 - 0x00007ffb33909000 	C:\WINDOWS\SYSTEM32\WSOCK32.dll
0x00007ffb3aae0000 - 0x00007ffb3ab4f000 	C:\WINDOWS\System32\WS2_32.dll
0x00007ffb388e0000 - 0x00007ffb388f8000 	C:\WINDOWS\SYSTEM32\kernel.appcore.dll
0x00007ffb27280000 - 0x00007ffb27290000 	C:\Program Files\Java\jdk1.8.0_341\jre\bin\verify.dll
0x00007ffb15da0000 - 0x00007ffb15dcb000 	C:\Program Files\Java\jdk1.8.0_341\jre\bin\java.dll
0x00007ffb0f760000 - 0x00007ffb0f778000 	C:\Program Files\Java\jdk1.8.0_341\jre\bin\zip.dll
0x00007ffb3b020000 - 0x00007ffb3b7e5000 	C:\WINDOWS\System32\SHELL32.dll
0x00007ffb37870000 - 0x00007ffb380d5000 	C:\WINDOWS\SYSTEM32\windows.storage.dll
0x00007ffb3a5b0000 - 0x00007ffb3a928000 	C:\WINDOWS\System32\combase.dll
0x00007ffb37700000 - 0x00007ffb37866000 	C:\WINDOWS\SYSTEM32\wintypes.dll
0x00007ffb3c0a0000 - 0x00007ffb3c18a000 	C:\WINDOWS\System32\SHCORE.dll
0x00007ffb3a550000 - 0x00007ffb3a5ad000 	C:\WINDOWS\System32\shlwapi.dll
0x00007ffb396e0000 - 0x00007ffb39701000 	C:\WINDOWS\SYSTEM32\profapi.dll
0x00007ffb17b20000 - 0x00007ffb17b2d000 	C:\Program Files\Java\jdk1.8.0_341\jre\bin\management.dll
0x00007ffb0f740000 - 0x00007ffb0f75c000 	C:\Program Files\Java\jdk1.8.0_341\jre\bin\net.dll
0x00007ffb38dc0000 - 0x00007ffb38e27000 	C:\WINDOWS\system32\mswsock.dll
0x00007ffaf0f60000 - 0x00007ffaf0f77000 	C:\WINDOWS\system32\napinsp.dll
0x00007ffaf0f40000 - 0x00007ffaf0f5b000 	C:\WINDOWS\system32\pnrpnsp.dll
0x00007ffb383c0000 - 0x00007ffb384a8000 	C:\WINDOWS\SYSTEM32\DNSAPI.dll
0x00007ffb38390000 - 0x00007ffb383bd000 	C:\WINDOWS\SYSTEM32\IPHLPAPI.DLL
0x00007ffb3b9b0000 - 0x00007ffb3b9b9000 	C:\WINDOWS\System32\NSI.dll
0x00007ffaea9c0000 - 0x00007ffaea9d2000 	C:\WINDOWS\System32\winrnr.dll
0x00007ffb0c010000 - 0x00007ffb0c025000 	C:\WINDOWS\system32\wshbth.dll
0x00007ffade860000 - 0x00007ffade87f000 	C:\WINDOWS\system32\nlansp_c.dll
0x00007ffb2b550000 - 0x00007ffb2b55a000 	C:\Windows\System32\rasadhlp.dll
0x00007ffb2c680000 - 0x00007ffb2c701000 	C:\WINDOWS\System32\fwpuclnt.dll
0x00007ffb0d0a0000 - 0x00007ffb0d0b3000 	C:\Program Files\Java\jdk1.8.0_341\jre\bin\nio.dll
0x00007ffb39010000 - 0x00007ffb39028000 	C:\WINDOWS\SYSTEM32\CRYPTSP.dll
0x00007ffb38840000 - 0x00007ffb38875000 	C:\WINDOWS\system32\rsaenh.dll
0x00007ffb38eb0000 - 0x00007ffb38ed9000 	C:\WINDOWS\SYSTEM32\USERENV.dll
0x00007ffb39190000 - 0x00007ffb391b7000 	C:\WINDOWS\SYSTEM32\bcrypt.dll
0x00007ffb39910000 - 0x00007ffb3998f000 	C:\WINDOWS\System32\bcryptprimitives.dll
0x00007ffb39000000 - 0x00007ffb3900c000 	C:\WINDOWS\SYSTEM32\CRYPTBASE.dll
0x00007ffb32a40000 - 0x00007ffb32a59000 	C:\WINDOWS\SYSTEM32\dhcpcsvc6.DLL
0x00007ffb32f00000 - 0x00007ffb32f1e000 	C:\WINDOWS\SYSTEM32\dhcpcsvc.DLL
0x00007ffb0cff0000 - 0x00007ffb0d00c000 	C:\Windows\System32\hadoop.dll
0x00007ffb385e0000 - 0x00007ffb3862e000 	C:\WINDOWS\SYSTEM32\AUTHZ.dll
0x000000006da60000 - 0x000000006db32000 	C:\WINDOWS\SYSTEM32\MSVCR100.dll
0x00007ffb26d00000 - 0x00007ffb26d19000 	C:\WINDOWS\SYSTEM32\NETAPI32.dll
0x00007ffb38520000 - 0x00007ffb3852c000 	C:\WINDOWS\SYSTEM32\NETUTILS.DLL
0x00007ffb22fa0000 - 0x00007ffb22fb9000 	C:\WINDOWS\SYSTEM32\SAMCLI.DLL
0x00007ffb15a70000 - 0x00007ffb15a79000 	C:\Program Files\Java\jdk1.8.0_341\jre\bin\jaas_nt.dll
0x00007ffb38910000 - 0x00007ffb38944000 	C:\WINDOWS\SYSTEM32\ntmarta.dll
0x00007ffb2b5a0000 - 0x00007ffb2b7c1000 	C:\WINDOWS\SYSTEM32\dbghelp.dll

VM Arguments:
jvm_args: -Xmx1g -XX:+IgnoreUnrecognizedVMOptions --add-opens=java.base/java.lang=ALL-UNNAMED --add-opens=java.base/java.lang.invoke=ALL-UNNAMED --add-opens=java.base/java.lang.reflect=ALL-UNNAMED --add-opens=java.base/java.io=ALL-UNNAMED --add-opens=java.base/java.net=ALL-UNNAMED --add-opens=java.base/java.nio=ALL-UNNAMED --add-opens=java.base/java.util=ALL-UNNAMED --add-opens=java.base/java.util.concurrent=ALL-UNNAMED --add-opens=java.base/java.util.concurrent.atomic=ALL-UNNAMED --add-opens=java.base/sun.nio.ch=ALL-UNNAMED --add-opens=java.base/sun.nio.cs=ALL-UNNAMED --add-opens=java.base/sun.security.action=ALL-UNNAMED --add-opens=java.base/sun.util.calendar=ALL-UNNAMED --add-opens=java.security.jgss/sun.security.krb5=ALL-UNNAMED 
java_command: org.apache.spark.deploy.SparkSubmit --conf spark.master=local[*] --conf spark.jars.packages=org.apache.spark:spark-sql-kafka-0-10_2.12:3.0.1,org.apache.kafka:kafka-clients:2.8.0 --conf spark.app.name=Iowa_Liquor_Sales_streamingData --conf spark.jars=postgresql-42.5.4.jar pyspark-shell
java_class_path (initial): D:\APP\spark-3.3.0-bin-hadoop3\bin\..\conf\;D:\APP\spark-3.3.0-bin-hadoop3\jars\activation-1.1.1.jar;D:\APP\spark-3.3.0-bin-hadoop3\jars\aircompressor-0.21.jar;D:\APP\spark-3.3.0-bin-hadoop3\jars\algebra_2.12-2.0.1.jar;D:\APP\spark-3.3.0-bin-hadoop3\jars\annotations-17.0.0.jar;D:\APP\spark-3.3.0-bin-hadoop3\jars\antlr-runtime-3.5.2.jar;D:\APP\spark-3.3.0-bin-hadoop3\jars\antlr4-runtime-4.8.jar;D:\APP\spark-3.3.0-bin-hadoop3\jars\aopalliance-repackaged-2.6.1.jar;D:\APP\spark-3.3.0-bin-hadoop3\jars\arpack-2.2.1.jar;D:\APP\spark-3.3.0-bin-hadoop3\jars\arpack_combined_all-0.1.jar;D:\APP\spark-3.3.0-bin-hadoop3\jars\arrow-format-7.0.0.jar;D:\APP\spark-3.3.0-bin-hadoop3\jars\arrow-memory-core-7.0.0.jar;D:\APP\spark-3.3.0-bin-hadoop3\jars\arrow-memory-netty-7.0.0.jar;D:\APP\spark-3.3.0-bin-hadoop3\jars\arrow-vector-7.0.0.jar;D:\APP\spark-3.3.0-bin-hadoop3\jars\audience-annotations-0.5.0.jar;D:\APP\spark-3.3.0-bin-hadoop3\jars\automaton-1.11-8.jar;D:\APP\spark-3.3.0-bin-hadoop3\jars\avro-1.11.0.jar;D:\APP\spark-3.3.0-bin-hadoop3\jars\avro-ipc-1.11.0.jar;D:\APP\spark-3.3.0-bin-hadoop3\jars\avro-mapred-1.11.0.jar;D:\APP\spark-3.3.0-bin-hadoop3\jars\blas-2.2.1.jar;D:\APP\spark-3.3.0-bin-hadoop3\jars\bonecp-0.8.0.RELEASE.jar;D:\APP\spark-3.3.0-bin-hadoop3\jars\breeze-macros_2.12-1.2.jar;D:\APP\spark-3.3.0-bin-hadoop3\jars\breeze_2.12-1.2.jar;D:\APP\spark-3.3.0-bin-hadoop3\jars\cats-kernel_2.12-2.1.1.jar;D:\APP\spark-3.3.0-bin-hadoop3\jars\chill-java-0.10.0.jar;D:\APP\spark-3.3.0-bin-hadoop3\jars\chill_2.12-0.10.0.jar;D:\APP\spark-3.3.0-bin-hadoop3\jars\commons-cli-1.5.0.jar;D:\APP\spark-3.3.0-bin-hadoop3\jars\commons-codec-1.15.jar;D:\APP\spark-3.3.0-bin-hadoop3\jars\commons-collections-3.2.2.jar;D:\APP\spark-3.3.0-bin-hadoop3\jars\commons-collections4-4.4.jar;D:\APP\spark-3.3.0-bin-hadoop3\jars\commons-compiler-3.0.16.jar;D:\APP\spark-3.3.0-bin-hadoop3\jars\commons-compress-1.21.jar;D:\APP\spark-3.3.0-bin-hadoop3\jars\commons-crypto-1.1.0.jar;D:\AP
Launcher Type: SUN_STANDARD

Environment Variables:
JAVA_HOME=C:\Program Files\Java\jdk1.8.0_341
PATH=c:\Users\quann\AppData\Local\Programs\Python\Python310;C:\Program Files (x86)\Common Files\Oracle\Java\javapath;C:\WINDOWS\system32;C:\WINDOWS;C:\WINDOWS\System32\Wbem;C:\WINDOWS\System32\WindowsPowerShell\v1.0\;C:\WINDOWS\System32\OpenSSH\;C:\Program Files (x86)\NVIDIA Corporation\PhysX\Common;C:\Program Files\Git\cmd;C:\Program Files (x86)\GnuWin32\bin\;C:\Program Files\Docker\Docker\resources\bin;C:\Program Files\PowerShell\7\;C:\Program Files\Cloudflare\Cloudflare WARP\;C:\Users\quann\AppData\Local\Programs\Python\Python310\Scripts\;C:\Users\quann\AppData\Local\Programs\Python\Python310\;C:\Users\quann\AppData\Local\Microsoft\WindowsApps;D:\APP\PyCharm Community Edition 2022.2\bin;;D:\APP\Microsoft VS Code\bin;C:\Program Files\Java\jdk1.8.0_341\bin;D:\APP\spark-3.3.0-bin-hadoop3\bin;D:\APP\spark-3.3.0-bin-hadoop3\bin;D:\APP\apache-maven-3.8.6\bin;C:\Program Files (x86)\GnuWin32\bin\;C:\Users\quann\AppData\Local\GitHubDesktop\bin;
USERNAME=quann
OS=Windows_NT
PROCESSOR_IDENTIFIER=Intel64 Family 6 Model 158 Stepping 10, GenuineIntel



---------------  S Y S T E M  ---------------

OS: Windows 11 , 64 bit Build 22000 (10.0.22000.1516)

CPU:total 12 (initial active 12) (6 cores per cpu, 2 threads per core) family 6 model 158 stepping 10, cmov, cx8, fxsr, mmx, sse, sse2, sse3, ssse3, sse4.1, sse4.2, popcnt, avx, avx2, aes, clmul, erms, 3dnowpref, lzcnt, ht, tsc, tscinvbit, bmi1, bmi2, adx

Memory: 4k page, physical 16615732k(256704k free), swap 32242992k(720k free)

vm_info: Java HotSpot(TM) 64-Bit Server VM (25.341-b10) for windows-amd64 JRE (1.8.0_341-b10), built on Jun 16 2022 15:51:07 by "java_re" with MS VC++ 15.9 (VS2017)

time: Wed Feb 22 11:13:56 2023
timezone: SE Asia Standard Time
elapsed time: 16.689807 seconds (0d 0h 0m 16s)

